  moc FrontWidget.h
  Cbct_Project.cpp
  FrontWidget.cpp
  PatientWindow.cpp
  TableWidget.cpp
  main.cpp
C:\Users\schei\anaconda3\include\pyconfig.h(51,1): warning C4005: “HAVE_IO_H”: 宏重定义 (编译源文件 TableWidget.cpp)
E:\DCMTK\DCMTK_LIB\include\dcmtk\config\osconfig.h(287,1): message : 参见“HAVE_IO_H”的前一个定义 (编译源文件 TableWidget.cpp)
C:\Users\schei\anaconda3\include\pyconfig.h(52,1): warning C4005: “HAVE_SYS_UTIME_H”: 宏重定义 (编译源文件 TableWidget.cpp)
E:\DCMTK\DCMTK_LIB\include\dcmtk\config\osconfig.h(741,1): message : 参见“HAVE_SYS_UTIME_H”的前一个定义 (编译源文件 TableWidget.cpp)
C:\Users\schei\anaconda3\include\pyconfig.h(53,1): warning C4005: “HAVE_TEMPNAM”: 宏重定义 (编译源文件 TableWidget.cpp)
E:\DCMTK\DCMTK_LIB\include\dcmtk\config\osconfig.h(750,1): message : 参见“HAVE_TEMPNAM”的前一个定义 (编译源文件 TableWidget.cpp)
C:\Users\schei\anaconda3\include\pyconfig.h(55,1): warning C4005: “HAVE_TMPNAM”: 宏重定义 (编译源文件 TableWidget.cpp)
E:\DCMTK\DCMTK_LIB\include\dcmtk\config\osconfig.h(759,1): message : 参见“HAVE_TMPNAM”的前一个定义 (编译源文件 TableWidget.cpp)
C:\Users\schei\anaconda3\include\pyconfig.h(57,1): warning C4005: “HAVE_STRERROR”: 宏重定义 (编译源文件 TableWidget.cpp)
E:\DCMTK\DCMTK_LIB\include\dcmtk\config\osconfig.h(642,1): message : 参见“HAVE_STRERROR”的前一个定义 (编译源文件 TableWidget.cpp)
C:\Users\schei\anaconda3\include\pyconfig.h(494,1): warning C4005: “HAVE_FTIME”: 宏重定义 (编译源文件 TableWidget.cpp)
E:\DCMTK\DCMTK_LIB\include\dcmtk\config\osconfig.h(179,1): message : 参见“HAVE_FTIME”的前一个定义 (编译源文件 TableWidget.cpp)
C:\Users\schei\anaconda3\include\pyconfig.h(503,1): warning C4005: “HAVE_GETPID”: 宏重定义 (编译源文件 TableWidget.cpp)
E:\DCMTK\DCMTK_LIB\include\dcmtk\config\osconfig.h(224,1): message : 参见“HAVE_GETPID”的前一个定义 (编译源文件 TableWidget.cpp)
C:\Users\schei\anaconda3\include\pyconfig.h(51,1): warning C4005: “HAVE_IO_H”: 宏重定义 (编译源文件 main.cpp)
E:\DCMTK\DCMTK_LIB\include\dcmtk\config\osconfig.h(287,1): message : 参见“HAVE_IO_H”的前一个定义 (编译源文件 main.cpp)
C:\Users\schei\anaconda3\include\pyconfig.h(52,1): warning C4005: “HAVE_SYS_UTIME_H”: 宏重定义 (编译源文件 main.cpp)
E:\DCMTK\DCMTK_LIB\include\dcmtk\config\osconfig.h(741,1): message : 参见“HAVE_SYS_UTIME_H”的前一个定义 (编译源文件 main.cpp)
C:\Users\schei\anaconda3\include\pyconfig.h(53,1): warning C4005: “HAVE_TEMPNAM”: 宏重定义 (编译源文件 main.cpp)
E:\DCMTK\DCMTK_LIB\include\dcmtk\config\osconfig.h(750,1): message : 参见“HAVE_TEMPNAM”的前一个定义 (编译源文件 main.cpp)
C:\Users\schei\anaconda3\include\pyconfig.h(55,1): warning C4005: “HAVE_TMPNAM”: 宏重定义 (编译源文件 main.cpp)
E:\DCMTK\DCMTK_LIB\include\dcmtk\config\osconfig.h(759,1): message : 参见“HAVE_TMPNAM”的前一个定义 (编译源文件 main.cpp)
C:\Users\schei\anaconda3\include\pyconfig.h(57,1): warning C4005: “HAVE_STRERROR”: 宏重定义 (编译源文件 main.cpp)
E:\DCMTK\DCMTK_LIB\include\dcmtk\config\osconfig.h(642,1): message : 参见“HAVE_STRERROR”的前一个定义 (编译源文件 main.cpp)
C:\Users\schei\anaconda3\include\pyconfig.h(51,1): warning C4005: “HAVE_IO_H”: 宏重定义 (编译源文件 Cbct_Project.cpp)
E:\DCMTK\DCMTK_LIB\include\dcmtk\config\osconfig.h(287,1): message : 参见“HAVE_IO_H”的前一个定义 (编译源文件 Cbct_Project.cpp)
C:\Users\schei\anaconda3\include\pyconfig.h(52,1): warning C4005: “HAVE_SYS_UTIME_H”: 宏重定义 (编译源文件 Cbct_Project.cpp)
E:\DCMTK\DCMTK_LIB\include\dcmtk\config\osconfig.h(741,1): message : 参见“HAVE_SYS_UTIME_H”的前一个定义 (编译源文件 Cbct_Project.cpp)
C:\Users\schei\anaconda3\include\pyconfig.h(53,1): warning C4005: “HAVE_TEMPNAM”: 宏重定义 (编译源文件 Cbct_Project.cpp)
E:\DCMTK\DCMTK_LIB\include\dcmtk\config\osconfig.h(750,1): message : 参见“HAVE_TEMPNAM”的前一个定义 (编译源文件 Cbct_Project.cpp)
C:\Users\schei\anaconda3\include\pyconfig.h(494,1): warning C4005: “HAVE_FTIME”: 宏重定义 (编译源文件 main.cpp)
E:\DCMTK\DCMTK_LIB\include\dcmtk\config\osconfig.h(179,1): message : 参见“HAVE_FTIME”的前一个定义 (编译源文件 main.cpp)
C:\Users\schei\anaconda3\include\pyconfig.h(55,1): warning C4005: “HAVE_TMPNAM”: 宏重定义 (编译源文件 Cbct_Project.cpp)
E:\DCMTK\DCMTK_LIB\include\dcmtk\config\osconfig.h(759,1): message : 参见“HAVE_TMPNAM”的前一个定义 (编译源文件 Cbct_Project.cpp)
C:\Users\schei\anaconda3\include\pyconfig.h(503,1): warning C4005: “HAVE_GETPID”: 宏重定义 (编译源文件 main.cpp)
E:\DCMTK\DCMTK_LIB\include\dcmtk\config\osconfig.h(224,1): message : 参见“HAVE_GETPID”的前一个定义 (编译源文件 main.cpp)
C:\Users\schei\anaconda3\include\pyconfig.h(57,1): warning C4005: “HAVE_STRERROR”: 宏重定义 (编译源文件 Cbct_Project.cpp)
E:\DCMTK\DCMTK_LIB\include\dcmtk\config\osconfig.h(642,1): message : 参见“HAVE_STRERROR”的前一个定义 (编译源文件 Cbct_Project.cpp)
C:\Users\schei\anaconda3\include\pyconfig.h(494,1): warning C4005: “HAVE_FTIME”: 宏重定义 (编译源文件 Cbct_Project.cpp)
E:\DCMTK\DCMTK_LIB\include\dcmtk\config\osconfig.h(179,1): message : 参见“HAVE_FTIME”的前一个定义 (编译源文件 Cbct_Project.cpp)
C:\Users\schei\anaconda3\include\pyconfig.h(503,1): warning C4005: “HAVE_GETPID”: 宏重定义 (编译源文件 Cbct_Project.cpp)
E:\DCMTK\DCMTK_LIB\include\dcmtk\config\osconfig.h(224,1): message : 参见“HAVE_GETPID”的前一个定义 (编译源文件 Cbct_Project.cpp)
  moc_Cbct_Project.cpp
  moc_FrontWidget.cpp
  moc_PatientWindow.cpp
C:\Users\schei\anaconda3\include\pyconfig.h(51,1): warning C4005: “HAVE_IO_H”: 宏重定义 (编译源文件 x64\Release\moc\moc_Cbct_Project.cpp)
E:\DCMTK\DCMTK_LIB\include\dcmtk\config\osconfig.h(287,1): message : 参见“HAVE_IO_H”的前一个定义 (编译源文件 x64\Release\moc\moc_Cbct_Project.cpp)
C:\Users\schei\anaconda3\include\pyconfig.h(52,1): warning C4005: “HAVE_SYS_UTIME_H”: 宏重定义 (编译源文件 x64\Release\moc\moc_Cbct_Project.cpp)
E:\DCMTK\DCMTK_LIB\include\dcmtk\config\osconfig.h(741,1): message : 参见“HAVE_SYS_UTIME_H”的前一个定义 (编译源文件 x64\Release\moc\moc_Cbct_Project.cpp)
C:\Users\schei\anaconda3\include\pyconfig.h(53,1): warning C4005: “HAVE_TEMPNAM”: 宏重定义 (编译源文件 x64\Release\moc\moc_Cbct_Project.cpp)
E:\DCMTK\DCMTK_LIB\include\dcmtk\config\osconfig.h(750,1): message : 参见“HAVE_TEMPNAM”的前一个定义 (编译源文件 x64\Release\moc\moc_Cbct_Project.cpp)
C:\Users\schei\anaconda3\include\pyconfig.h(55,1): warning C4005: “HAVE_TMPNAM”: 宏重定义 (编译源文件 x64\Release\moc\moc_Cbct_Project.cpp)
E:\DCMTK\DCMTK_LIB\include\dcmtk\config\osconfig.h(759,1): message : 参见“HAVE_TMPNAM”的前一个定义 (编译源文件 x64\Release\moc\moc_Cbct_Project.cpp)
C:\Users\schei\anaconda3\include\pyconfig.h(57,1): warning C4005: “HAVE_STRERROR”: 宏重定义 (编译源文件 x64\Release\moc\moc_Cbct_Project.cpp)
E:\DCMTK\DCMTK_LIB\include\dcmtk\config\osconfig.h(642,1): message : 参见“HAVE_STRERROR”的前一个定义 (编译源文件 x64\Release\moc\moc_Cbct_Project.cpp)
C:\Users\schei\anaconda3\include\pyconfig.h(494,1): warning C4005: “HAVE_FTIME”: 宏重定义 (编译源文件 x64\Release\moc\moc_Cbct_Project.cpp)
E:\DCMTK\DCMTK_LIB\include\dcmtk\config\osconfig.h(179,1): message : 参见“HAVE_FTIME”的前一个定义 (编译源文件 x64\Release\moc\moc_Cbct_Project.cpp)
C:\Users\schei\anaconda3\include\pyconfig.h(503,1): warning C4005: “HAVE_GETPID”: 宏重定义 (编译源文件 x64\Release\moc\moc_Cbct_Project.cpp)
E:\DCMTK\DCMTK_LIB\include\dcmtk\config\osconfig.h(224,1): message : 参见“HAVE_GETPID”的前一个定义 (编译源文件 x64\Release\moc\moc_Cbct_Project.cpp)
  Cbct_Project.vcxproj -> F:\Codes\cbct-practical-training\Cbct_Project\x64\Release\Cbct_Project.exe
