f:\codes\cbct-practical-training\cbct_project\x64\release\uic\ui_cbct_project.h
f:\codes\cbct-practical-training\cbct_project\x64\release\rcc\qrc_cbct_project.cpp
f:\codes\cbct-practical-training\cbct_project\x64\release\moc\moc_cbct_project.cpp
f:\codes\cbct-practical-training\cbct_project\x64\release\moc\moc_analyzewidget.cpp
f:\codes\cbct-practical-training\cbct_project\x64\release\moc\moc_sidewidget.cpp
f:\codes\cbct-practical-training\cbct_project\x64\release\moc\moc_frontwidget.cpp
f:\codes\cbct-practical-training\cbct_project\x64\release\moc\moc_tablewidget.cpp
f:\codes\cbct-practical-training\cbct_project\x64\release\moc\moc_welcomewidget.cpp
f:\codes\cbct-practical-training\cbct_project\x64\release\moc\moc_renderwidget.cpp
f:\codes\cbct-practical-training\cbct_project\x64\release\qrc_cbct_project.obj
f:\codes\cbct-practical-training\cbct_project\x64\release\renderwidget.obj
f:\codes\cbct-practical-training\cbct_project\x64\release\sidewidget.obj
f:\codes\cbct-practical-training\cbct_project\x64\release\tablewidget.obj
f:\codes\cbct-practical-training\cbct_project\x64\release\main.obj
f:\codes\cbct-practical-training\cbct_project\x64\release\sqlserverconnection.obj
f:\codes\cbct-practical-training\cbct_project\x64\release\myvtkinteractorstyleimage.obj
f:\codes\cbct-practical-training\cbct_project\x64\release\frontwidget.obj
f:\codes\cbct-practical-training\cbct_project\x64\release\analyzewidget.obj
f:\codes\cbct-practical-training\cbct_project\x64\release\loadinformation.obj
f:\codes\cbct-practical-training\cbct_project\x64\release\welcomewidget.obj
f:\codes\cbct-practical-training\cbct_project\x64\release\cbct_project.obj
f:\codes\cbct-practical-training\cbct_project\x64\release\message.obj
f:\codes\cbct-practical-training\cbct_project\x64\release\moc_renderwidget.obj
f:\codes\cbct-practical-training\cbct_project\x64\release\moc_tablewidget.obj
f:\codes\cbct-practical-training\cbct_project\x64\release\moc_frontwidget.obj
f:\codes\cbct-practical-training\cbct_project\x64\release\moc_sidewidget.obj
f:\codes\cbct-practical-training\cbct_project\x64\release\moc_analyzewidget.obj
f:\codes\cbct-practical-training\cbct_project\x64\release\moc_cbct_project.obj
f:\codes\cbct-practical-training\cbct_project\x64\release\moc_welcomewidget.obj
f:\codes\cbct-practical-training\cbct_project\x64\release\message_str.obj
f:\codes\cbct-practical-training\cbct_project\x64\release\cbct_project.exe
f:\codes\cbct-practical-training\cbct_project\x64\release\cbct_project.tlog\cbct_project.write.1u.tlog
f:\codes\cbct-practical-training\cbct_project\x64\release\cbct_project.tlog\cl.command.1.tlog
f:\codes\cbct-practical-training\cbct_project\x64\release\cbct_project.tlog\cl.items.tlog
f:\codes\cbct-practical-training\cbct_project\x64\release\cbct_project.tlog\cl.read.1.tlog
f:\codes\cbct-practical-training\cbct_project\x64\release\cbct_project.tlog\cl.write.1.tlog
f:\codes\cbct-practical-training\cbct_project\x64\release\cbct_project.tlog\link.command.1.tlog
f:\codes\cbct-practical-training\cbct_project\x64\release\cbct_project.tlog\link.read.1.tlog
f:\codes\cbct-practical-training\cbct_project\x64\release\cbct_project.tlog\link.write.1.tlog
f:\codes\cbct-practical-training\cbct_project\x64\release\cbct_project.tlog\moc.read.1u.tlog
f:\codes\cbct-practical-training\cbct_project\x64\release\cbct_project.tlog\moc.write.1u.tlog
f:\codes\cbct-practical-training\cbct_project\x64\release\cbct_project.tlog\rcc.read.1u.tlog
f:\codes\cbct-practical-training\cbct_project\x64\release\cbct_project.tlog\rcc.write.1u.tlog
f:\codes\cbct-practical-training\cbct_project\x64\release\cbct_project.tlog\uic.read.1u.tlog
f:\codes\cbct-practical-training\cbct_project\x64\release\cbct_project.tlog\uic.write.1u.tlog
